[INFO] Scanning for projects...
[INFO] 
[INFO] --------------< com.distribuidas:distributed-system-java >--------------
[INFO] Building distributed-system-java 1.0-SNAPSHOT
[INFO]   from pom.xml
[INFO] --------------------------------[ jar ]---------------------------------
[WARNING] 6 problems were encountered while building the effective model for org.openjfx:javafx-controls:jar:21.0.1 during dependency collection step for project (use -X to see details)
[INFO] 
[INFO] --- clean:3.2.0:clean (default-clean) @ distributed-system-java ---
[INFO] Deleting C:\Users\alexi\OneDrive\Documents\VII Semestre\Base de Datos Distribuida\Proyecto\Segundo Bimestre\Proyecto Visual\distributed-system-java\target
[INFO] 
[INFO] --- resources:3.3.1:resources (default-resources) @ distributed-system-java ---
[INFO] Copying 1 resource from src\main\resources to target\classes
[INFO] 
[INFO] --- compiler:3.11.0:compile (default-compile) @ distributed-system-java ---
[INFO] Changes detected - recompiling the module! :source
[INFO] Compiling 19 source files with javac [debug target 17] to target\classes
[INFO] /C:/Users/alexi/OneDrive/Documents/VII Semestre/Base de Datos Distribuida/Proyecto/Segundo Bimestre/Proyecto Visual/distributed-system-java/src/main/java/com/distribuidas/view/MainView.java: C:\Users\alexi\OneDrive\Documents\VII Semestre\Base de Datos Distribuida\Proyecto\Segundo Bimestre\Proyecto Visual\distributed-system-java\src\main\java\com\distribuidas\view\MainView.java uses unchecked or unsafe operations.
[INFO] /C:/Users/alexi/OneDrive/Documents/VII Semestre/Base de Datos Distribuida/Proyecto/Segundo Bimestre/Proyecto Visual/distributed-system-java/src/main/java/com/distribuidas/view/MainView.java: Recompile with -Xlint:unchecked for details.
[INFO] Some messages have been simplified; recompile with -Xdiags:verbose to get full output
[INFO] -------------------------------------------------------------
[WARNING] COMPILATION WARNING : 
[INFO] -------------------------------------------------------------
[WARNING] location of system modules is not set in conjunction with -source 17
  not setting the location of system modules may lead to class files that cannot run on JDK 17
    --release 17 is recommended instead of -source 17 -target 17 because it sets the location of system modules automatically
[INFO] 1 warning
[INFO] -------------------------------------------------------------
[INFO] -------------------------------------------------------------
[ERROR] COMPILATION ERROR : 
[INFO] -------------------------------------------------------------
[ERROR] /C:/Users/alexi/OneDrive/Documents/VII Semestre/Base de Datos Distribuida/Proyecto/Segundo Bimestre/Proyecto Visual/distributed-system-java/src/main/java/com/distribuidas/view/MainView.java:[498,57] incompatible types: java.util.function.Supplier<javafx.collections.ObservableList<T>> cannot be converted to java.util.function.Supplier<javafx.collections.ObservableList>
[INFO] 1 error
[INFO] -------------------------------------------------------------
[INFO] ------------------------------------------------------------------------
[INFO] BUILD FAILURE
[INFO] ------------------------------------------------------------------------
[INFO] Total time:  2.141 s
[INFO] Finished at: 2026-02-01T12:18:00-05:00
[INFO] ------------------------------------------------------------------------
[ERROR] Failed to execute goal org.apache.maven.plugins:maven-compiler-plugin:3.11.0:compile (default-compile) on project distributed-system-java: Compilation failure
[ERROR] /C:/Users/alexi/OneDrive/Documents/VII Semestre/Base de Datos Distribuida/Proyecto/Segundo Bimestre/Proyecto Visual/distributed-system-java/src/main/java/com/distribuidas/view/MainView.java:[498,57] incompatible types: java.util.function.Supplier<javafx.collections.ObservableList<T>> cannot be converted to java.util.function.Supplier<javafx.collections.ObservableList>
[ERROR] -> [Help 1]
[ERROR] 
[ERROR] To see the full stack trace of the errors, re-run Maven with the -e switch.
[ERROR] Re-run Maven using the -X switch to enable full debug logging.
[ERROR] 
[ERROR] For more information about the errors and possible solutions, please read the following articles:
[ERROR] [Help 1] http://cwiki.apache.org/confluence/display/MAVEN/MojoFailureException
